\BOOKMARK [0][-]{chapter*.3}{\376\377\000P\000r\000o\000b\000l\000e\000m\000a\000\040\000d\000e\000\040\000P\000e\000s\000q\000u\000i\000s\000a}{}% 1
\BOOKMARK [1][-]{section*.4}{\376\377\000Q\000u\000e\000s\000t\000\343\000o\000\040\000d\000e\000\040\000P\000e\000s\000q\000u\000i\000s\000a}{chapter*.3}% 2
\BOOKMARK [1][-]{section*.5}{\376\377\000J\000u\000s\000t\000i\000f\000i\000c\000a\000t\000i\000v\000a}{chapter*.3}% 3
\BOOKMARK [1][-]{section*.6}{\376\377\000O\000r\000i\000e\000n\000t\000a\000d\000o\000r\000e\000s}{chapter*.3}% 4
\BOOKMARK [0][-]{chapter*.7}{\376\377\000O\000b\000j\000e\000t\000i\000v\000o\000s}{}% 5
\BOOKMARK [1][-]{section*.8}{\376\377\000O\000b\000j\000e\000t\000i\000v\000o\000\040\000G\000e\000r\000a\000l}{chapter*.7}% 6
\BOOKMARK [1][-]{section*.9}{\376\377\000O\000b\000j\000e\000t\000i\000v\000o\000s\000\040\000E\000s\000p\000e\000c\000\355\000f\000i\000c\000o\000s}{chapter*.7}% 7
\BOOKMARK [0][-]{chapter*.10}{\376\377\000R\000e\000f\000e\000r\000e\000n\000c\000i\000a\000l\000\040\000T\000e\000\363\000r\000i\000c\000o}{}% 8
\BOOKMARK [0][-]{chapter*.11}{\376\377\000R\000e\000v\000i\000s\000\343\000o\000\040\000B\000i\000b\000l\000i\000o\000g\000r\000\341\000f\000i\000c\000a}{}% 9
\BOOKMARK [1][-]{section*.12}{\376\377\000V\000i\000s\000\343\000o\000\040\000C\000o\000m\000p\000u\000t\000a\000c\000i\000o\000n\000a\000l\000\040\000A\000p\000l\000i\000c\000a\000d\000a\000\040\000e\000\040\000S\000e\000n\000s\000o\000r\000i\000a\000m\000e\000n\000t\000o}{chapter*.11}% 10
\BOOKMARK [1][-]{section*.13}{\376\377\000R\000o\000b\000\363\000t\000i\000c\000a\000\040\000e\000\040\000C\000o\000n\000t\000r\000o\000l\000e\000\040\000A\000s\000s\000i\000s\000t\000i\000d\000o\000\040\000p\000o\000r\000\040\000V\000i\000s\000\343\000o}{chapter*.11}% 11
\BOOKMARK [1][-]{section*.14}{\376\377\000I\000n\000f\000r\000a\000e\000s\000t\000r\000u\000t\000u\000r\000a\000\040\000I\000o\000T\000,\000\040\000S\000e\000g\000u\000r\000a\000n\000\347\000a\000\040\000e\000\040\000I\000n\000t\000e\000l\000i\000g\000\352\000n\000c\000i\000a\000\040\000d\000e\000\040\000D\000a\000d\000o\000s}{chapter*.11}% 12
\BOOKMARK [1][-]{section*.15}{\376\377\000S\000\355\000n\000t\000e\000s\000e\000\040\000d\000a\000\040\000R\000e\000v\000i\000s\000\343\000o\000\040\000B\000i\000b\000l\000i\000o\000g\000r\000\341\000f\000i\000c\000a}{chapter*.11}% 13
\BOOKMARK [0][-]{chapter*.16}{\376\377\000M\000e\000t\000o\000d\000o\000l\000o\000g\000i\000a}{}% 14
\BOOKMARK [1][-]{section*.17}{\376\377\000C\000l\000a\000s\000s\000i\000f\000i\000c\000a\000\347\000\343\000o\000\040\000d\000a\000\040\000P\000e\000s\000q\000u\000i\000s\000a}{chapter*.16}% 15
\BOOKMARK [1][-]{section*.18}{\376\377\000M\000a\000t\000e\000r\000i\000a\000i\000s\000\040\000e\000\040\000I\000n\000s\000t\000r\000u\000m\000e\000n\000t\000o\000s}{chapter*.16}% 16
\BOOKMARK [1][-]{section*.19}{\376\377\000P\000r\000o\000c\000e\000d\000i\000m\000e\000n\000t\000o\000s\000\040\000M\000e\000t\000o\000d\000o\000l\000\363\000g\000i\000c\000o\000s}{chapter*.16}% 17
\BOOKMARK [1][-]{section*.25}{\376\377\000A\000s\000p\000e\000c\000t\000o\000s\000\040\000\311\000t\000i\000c\000o\000s}{chapter*.16}% 18
\BOOKMARK [0][-]{chapter*.26}{\376\377\000C\000r\000o\000n\000o\000g\000r\000a\000m\000a}{}% 19
\BOOKMARK [0][-]{chapter*.28}{\376\377\000A\000p\000\352\000n\000d\000i\000c\000e}{}% 20
\BOOKMARK [1][-]{section.0.1}{\376\377\000L\000e\000v\000a\000n\000t\000a\000m\000e\000n\000t\000o\000\040\000P\000r\000e\000l\000i\000m\000i\000n\000a\000r\000\040\000d\000e\000\040\000L\000i\000t\000e\000r\000a\000t\000u\000r\000a}{chapter*.28}% 21
\BOOKMARK [2][-]{subsection.0.1.1}{\376\377\000V\000i\000s\000\343\000o\000\040\000C\000o\000m\000p\000u\000t\000a\000c\000i\000o\000n\000a\000l}{section.0.1}% 22
\BOOKMARK [1][-]{section.0.2}{\376\377\000I\000n\000t\000e\000r\000n\000e\000t\000\040\000d\000a\000s\000\040\000C\000o\000i\000s\000a\000s\000\040\000\050\000I\000O\000T\000\051\000\040\000e\000\040\000A\000p\000r\000e\000n\000d\000i\000z\000a\000d\000o\000\040\000P\000r\000o\000f\000u\000n\000d\000o\000\040\000\050\000D\000L\000\051}{chapter*.28}% 23
\BOOKMARK [0][-]{chapter*.32}{\376\377\000R\000e\000f\000e\000r\000\352\000n\000c\000i\000a\000s\000\040\000B\000i\000b\000l\000i\000o\000g\000r\000\341\000f\000i\000c\000a\000s}{}% 24
